<?xml version="1.0" encoding="UTF-8"?>
<testng-results skipped="0" failed="0" ignored="0" total="1" passed="1">
  <reporter-output>
  </reporter-output>
  <suite name="Default suite" duration-ms="8494" started-at="2021-11-10T10:33:56Z" finished-at="2021-11-10T10:34:05Z">
    <groups>
      <group name="cucumber">
        <method signature="AbstractTestNGCucumberTests.runScenario(io.cucumber.testng.PickleWrapper, io.cucumber.testng.FeatureWrapper)[pri:0, instance:org.springframework.samples.petclinic.PetClinicTestRunner@475e586c]" name="runScenario" class="io.cucumber.testng.AbstractTestNGCucumberTests"/>
      </group> <!-- cucumber -->
    </groups>
    <test name="Default test" duration-ms="8494" started-at="2021-11-10T10:33:56Z" finished-at="2021-11-10T10:34:05Z">
      <class name="org.springframework.samples.petclinic.PetClinicTestRunner">
        <test-method status="PASS" signature="setUpClass(org.testng.ITestContext)[pri:0, instance:org.springframework.samples.petclinic.PetClinicTestRunner@475e586c]" name="setUpClass" is-config="true" duration-ms="272" started-at="2021-11-10T10:33:56Z" finished-at="2021-11-10T10:33:57Z">
          <params>
            <param index="0">
              <value>
                <![CDATA[org.testng.TestRunner@7e31ce0f]]>
              </value>
            </param>
          </params>
          <reporter-output>
          </reporter-output>
        </test-method> <!-- setUpClass -->
        <test-method status="PASS" signature="runScenario(io.cucumber.testng.PickleWrapper, io.cucumber.testng.FeatureWrapper)[pri:0, instance:org.springframework.samples.petclinic.PetClinicTestRunner@475e586c]" name="runScenario" duration-ms="8193" started-at="2021-11-10T10:33:57Z" description="Runs Cucumber Scenarios" data-provider="scenarios" finished-at="2021-11-10T10:34:05Z">
          <params>
            <param index="0">
              <value>
                <![CDATA["Searching non-existing user"]]>
              </value>
            </param>
            <param index="1">
              <value>
                <![CDATA["Optional[Test Searching Owner and add if it is not existing]"]]>
              </value>
            </param>
          </params>
          <reporter-output>
          </reporter-output>
        </test-method> <!-- runScenario -->
        <test-method status="PASS" signature="tearDownClass()[pri:0, instance:org.springframework.samples.petclinic.PetClinicTestRunner@475e586c]" name="tearDownClass" is-config="true" duration-ms="10" started-at="2021-11-10T10:34:05Z" finished-at="2021-11-10T10:34:05Z">
          <reporter-output>
          </reporter-output>
        </test-method> <!-- tearDownClass -->
      </class> <!-- org.springframework.samples.petclinic.PetClinicTestRunner -->
    </test> <!-- Default test -->
  </suite> <!-- Default suite -->
</testng-results>
